


ARM Macro Assembler    Page 1 


    1 00000000         ; LCD.s
    2 00000000         ; Student names: change this to your names or look very 
                       silly
    3 00000000         ; Last modification date: change this to the last modifi
                       cation date or look very silly
    4 00000000         
    5 00000000         ; Runs on LM4F120/TM4C123
    6 00000000         ; Use SSI0 to send an 8-bit code to the ST7735 160x128 p
                       ixel LCD.
    7 00000000         
    8 00000000         ; As part of Lab 7, students need to implement these LCD
                       _WriteCommand and LCD_WriteData
    9 00000000         ; This driver assumes two low-level LCD functions
   10 00000000         
   11 00000000         ; Backlight (pin 10) connected to +3.3 V
   12 00000000         ; MISO (pin 9) unconnected
   13 00000000         ; SCK (pin 8) connected to PA2 (SSI0Clk)
   14 00000000         ; MOSI (pin 7) connected to PA5 (SSI0Tx)
   15 00000000         ; TFT_CS (pin 6) connected to PA3 (SSI0Fss)
   16 00000000         ; CARD_CS (pin 5) unconnected
   17 00000000         ; Data/Command (pin 4) connected to PA6 (GPIO)
   18 00000000         ; RESET (pin 3) connected to PA7 (GPIO)
   19 00000000         ; VCC (pin 2) connected to +3.3 V
   20 00000000         ; Gnd (pin 1) connected to ground
   21 00000000         
   22 00000000 40004100 
                       DC      EQU              0x40004100
   23 00000000 00000000 
                       DC_COMMAND
                               EQU              0
   24 00000000 00000040 
                       DC_DATA EQU              0x40
   25 00000000 40008008 
                       SSI0_DR_R
                               EQU              0x40008008
   26 00000000 4000800C 
                       SSI0_SR_R
                               EQU              0x4000800C
   27 00000000 00000004 
                       SSI_SR_RNE
                               EQU              0x00000004  ; SSI Receive FIFO 
                                                            Not Empty
   28 00000000 00000010 
                       SSI_SR_BSY
                               EQU              0x00000010  ; SSI Busy Bit
   29 00000000 00000002 
                       SSI_SR_TNF
                               EQU              0x00000002  ; SSI Transmit FIFO
                                                             Not Full
   30 00000000         
   31 00000000                 EXPORT           writecommand
   32 00000000                 EXPORT           writedata
   33 00000000         
   34 00000000                 AREA             |.text|, CODE, READONLY, ALIGN=
2
   35 00000000                 THUMB
   36 00000000                 ALIGN
   37 00000000         
   38 00000000         ; The Data/Command pin must be valid when the eighth bit



ARM Macro Assembler    Page 2 


                        is
   39 00000000         ; sent.  The SSI module has hardware input and output FI
                       FOs
   40 00000000         ; that are 8 locations deep.  Based on the observation t
                       hat
   41 00000000         ; the LCD interface tends to send a few commands and the
                       n a
   42 00000000         ; lot of data, the FIFOs are not used when writing
   43 00000000         ; commands, and they are used when writing data.  This
   44 00000000         ; ensures that the Data/Command pin status matches the b
                       yte
   45 00000000         ; that is actually being transmitted.
   46 00000000         ; The write command operation waits until all data has b
                       een
   47 00000000         ; sent, configures the Data/Command pin for commands, se
                       nds
   48 00000000         ; the command, and then waits for the transmission to
   49 00000000         ; finish.
   50 00000000         ; The write data operation waits until there is room in 
                       the
   51 00000000         ; transmit FIFO, configures the Data/Command pin for dat
                       a,
   52 00000000         ; and then adds the data to the transmit FIFO.
   53 00000000         ; NOTE: These functions will crash or stall indefinitely
                        if
   54 00000000         ; the SSI0 module is not initialized and enabled.
   55 00000000         
   56 00000000         ; This is a helper function that sends an 8-bit command 
                       to the LCD.
   57 00000000         ; Input: R0  8-bit command to transmit
   58 00000000         ; Output: none
   59 00000000         ; Assumes: SSI0 and port A have already been initialized
                        and enabled
   60 00000000         writecommand
   61 00000000 B50E            PUSH             {R1-R3, LR}
   62 00000002         ;; --UUU-- Code to write a command to the LCD
   63 00000002         ;1) Read SSI0_SR_R and check bit 4, 
   64 00000002 4912            LDR              R1, =SSI0_SR_R
   65 00000004 680B    busy    LDR              R3, [R1]    ;
   66 00000006 F003 0310       AND              R3, #0x10
   67 0000000A 2B00            CMP              R3, #0
   68 0000000C         ;2) If bit 4 is high, loop back to step 1 (wait for BUSY
                        bit to be low)
   69 0000000C D1FA            BNE              busy
   70 0000000E         ;3) Clear D/C=PA6 to zero
   71 0000000E 4910            LDR              R1, =DC
   72 00000010 F04F 0300       MOV              R3, #DC_COMMAND
   73 00000014 600B            STR              R3, [R1]
   74 00000016         ;4) Write the command to SSI0_DR_R
   75 00000016 490F            LDR              R1, =SSI0_DR_R
   76 00000018 6008            STR              R0, [R1]
   77 0000001A         ;5) Read SSI0_SR_R and check bit 4,
   78 0000001A 490C            LDR              R1, =SSI0_SR_R
   79 0000001C 680B    busy2   LDR              R3, [R1]    ;
   80 0000001E F003 0310       AND              R3, #0x10
   81 00000022 2B00            CMP              R3, #0
   82 00000024         ;6) If bit 4 is high, loop back to step 5 (wait for BUSY
                        bit to be low)
   83 00000024 D1FA            BNE              busy2



ARM Macro Assembler    Page 3 


   84 00000026 E8BD 400E       POP              {R1-R3, LR}
   85 0000002A 4770            BX               LR          ;   return   
   86 0000002C         
   87 0000002C         ; This is a helper function that sends an 8-bit data to 
                       the LCD.
   88 0000002C         ; Input: R0  8-bit data to transmit
   89 0000002C         ; Output: none
   90 0000002C         ; Assumes: SSI0 and port A have already been initialized
                        and enabled
   91 0000002C         writedata
   92 0000002C B50E            PUSH             {R1-R3, LR}
   93 0000002E         ;; --UUU-- Code to write data to the LCD
   94 0000002E         ;1) Read SSI0_SR_R and check bit 1,
   95 0000002E 4907            LDR              R1, =SSI0_SR_R
   96 00000030 680B    busy3   LDR              R3, [R1]
   97 00000032 F003 0302       AND              R3, #0x02
   98 00000036 2B00            CMP              R3, #0
   99 00000038         ;2) If bit 1 is low loop back to step 1 (wait for TNF bi
                       t to be high)
  100 00000038 D0FA            BEQ              busy3
  101 0000003A         ;3) Set D/C=PA6 to one
  102 0000003A F04F 0340       MOV              R3, #DC_DATA
  103 0000003E 4904            LDR              R1, =DC
  104 00000040 600B            STR              R3, [R1]
  105 00000042         ;4) Write the 8-bit data to SSI0_DR_R
  106 00000042 4904            LDR              R1, =SSI0_DR_R
  107 00000044 6008            STR              R0, [R1]
  108 00000046 E8BD 400E       POP              {R1-R3, LR}
  109 0000004A 4770            BX               LR          ;return
  110 0000004C         
  111 0000004C         
  112 0000004C         ;***************************************************
  113 0000004C         ; This is a library for the Adafruit 1.8" SPI display.
  114 0000004C         ; This library works with the Adafruit 1.8" TFT Breakout
                        w/SD card
  115 0000004C         ; ----> http://www.adafruit.com/products/358
  116 0000004C         ; as well as Adafruit raw 1.8" TFT display
  117 0000004C         ; ----> http://www.adafruit.com/products/618
  118 0000004C         ;
  119 0000004C         ; Check out the links above for our tutorials and wiring
                        diagrams
  120 0000004C         ; These displays use SPI to communicate, 4 or 5 pins are
                        required to
  121 0000004C         ; interface (RST is optional)
  122 0000004C         ; Adafruit invests time and resources providing this ope
                       n source code,
  123 0000004C         ; please support Adafruit and open-source hardware by pu
                       rchasing
  124 0000004C         ; products from Adafruit!
  125 0000004C         ;
  126 0000004C         ; Written by Limor Fried/Ladyada for Adafruit Industries
                       .
  127 0000004C         ; MIT license, all text above must be included in any re
                       distribution
  128 0000004C         ;****************************************************
  129 0000004C         
  130 0000004C                 ALIGN                        ; make sure the end
                                                             of this section is
                                                             aligned



ARM Macro Assembler    Page 4 


  131 0000004C                 END                          ; end of file
              4000800C 
              40004100 
              40008008 
Command Line: --debug --xref --cpu=Cortex-M4 --apcs=interwork --depend=.\lcd.d 
-o.\lcd.o -IC:\Keil\ARM\RV31\INC -IC:\Keil\ARM\CMSIS\Include -IC:\Keil\ARM\Inc\
Luminary --list=.\lcd.lst LCD.s



ARM Macro Assembler    Page 1 Alphabetic symbol ordering
Relocatable symbols

.text 00000000

Symbol: .text
   Definitions
      At line 34 in file LCD.s
   Uses
      None
Comment: .text unused
busy 00000004

Symbol: busy
   Definitions
      At line 65 in file LCD.s
   Uses
      At line 69 in file LCD.s
Comment: busy used once
busy2 0000001C

Symbol: busy2
   Definitions
      At line 79 in file LCD.s
   Uses
      At line 83 in file LCD.s
Comment: busy2 used once
busy3 00000030

Symbol: busy3
   Definitions
      At line 96 in file LCD.s
   Uses
      At line 100 in file LCD.s
Comment: busy3 used once
writecommand 00000000

Symbol: writecommand
   Definitions
      At line 60 in file LCD.s
   Uses
      At line 31 in file LCD.s
Comment: writecommand used once
writedata 0000002C

Symbol: writedata
   Definitions
      At line 91 in file LCD.s
   Uses
      At line 32 in file LCD.s
Comment: writedata used once
6 symbols



ARM Macro Assembler    Page 1 Alphabetic symbol ordering
Absolute symbols

DC 40004100

Symbol: DC
   Definitions
      At line 22 in file LCD.s
   Uses
      At line 71 in file LCD.s
      At line 103 in file LCD.s

DC_COMMAND 00000000

Symbol: DC_COMMAND
   Definitions
      At line 23 in file LCD.s
   Uses
      At line 72 in file LCD.s
Comment: DC_COMMAND used once
DC_DATA 00000040

Symbol: DC_DATA
   Definitions
      At line 24 in file LCD.s
   Uses
      At line 102 in file LCD.s
Comment: DC_DATA used once
SSI0_DR_R 40008008

Symbol: SSI0_DR_R
   Definitions
      At line 25 in file LCD.s
   Uses
      At line 75 in file LCD.s
      At line 106 in file LCD.s

SSI0_SR_R 4000800C

Symbol: SSI0_SR_R
   Definitions
      At line 26 in file LCD.s
   Uses
      At line 64 in file LCD.s
      At line 78 in file LCD.s
      At line 95 in file LCD.s

SSI_SR_BSY 00000010

Symbol: SSI_SR_BSY
   Definitions
      At line 28 in file LCD.s
   Uses
      None
Comment: SSI_SR_BSY unused
SSI_SR_RNE 00000004

Symbol: SSI_SR_RNE
   Definitions
      At line 27 in file LCD.s
   Uses
      None



ARM Macro Assembler    Page 2 Alphabetic symbol ordering
Absolute symbols

Comment: SSI_SR_RNE unused
SSI_SR_TNF 00000002

Symbol: SSI_SR_TNF
   Definitions
      At line 29 in file LCD.s
   Uses
      None
Comment: SSI_SR_TNF unused
8 symbols
346 symbols in table
