


ARM Macro Assembler    Page 1 


    1 00000000         ; Print.s
    2 00000000         ; Student names: change this to your names or look very 
                       silly
    3 00000000         ; Last modification date: change this to the last modifi
                       cation date or look very silly
    4 00000000         ; Runs on LM4F120 or TM4C123
    5 00000000         ; EE319K lab 7 device driver for any LCD
    6 00000000         ;
    7 00000000         ; As part of Lab 7, students need to implement these LCD
                       _OutDec and LCD_OutFix
    8 00000000         ; This driver assumes two low-level LCD functions
    9 00000000         ; ST7735_OutChar   outputs a single 8-bit ASCII characte
                       r
   10 00000000         ; ST7735_OutString outputs a null-terminated string 
   11 00000000         
   12 00000000                 IMPORT           ST7735_OutChar
   13 00000000                 IMPORT           ST7735_OutString
   14 00000000                 EXPORT           LCD_OutDec
   15 00000000                 EXPORT           LCD_OutFix
   16 00000000         
   17 00000000                 AREA             |.text|, CODE, READONLY, ALIGN=
2
   18 00000000                 THUMB
   19 00000000         
   20 00000000         
   21 00000000 0000002E 
                       period  EQU              0x2E
   22 00000000 00000030 
                       zero    EQU              0x30
   23 00000000 0000002A 
                       star    EQU              0x2A
   24 00000000 000003E7 
                       test3   EQU              999
   25 00000000 0000270F 
                       test4   EQU              9999
   26 00000000         ;-----------------------LCD_OutDec----------------------
                       -
   27 00000000         ; Output a 32-bit number in unsigned decimal format
   28 00000000         ; Input: R0 (call by value) 32-bit unsigned number
   29 00000000         ; Output: none
   30 00000000         ; Invariables: This function must not permanently modify
                        registers R4 to R11
   31 00000000         LCD_OutDec
   32 00000000 4601            MOV              R1, R0
   33 00000002 F04F 020A       MOV              R2, #10
   34 00000006 F04F 0301       MOV              R3, #1
   35 0000000A         loop                                 ;counts values in n
                                                            umber and puts in R
                                                            3 
   36 0000000A 2909            CMP              R1, #9
   37 0000000C DD04            BLE              out
   38 0000000E FBB1 F1F2       UDIV             R1, R2
   39 00000012 F103 0301       ADD              R3, #1
   40 00000016 E7F8            B                loop
   41 00000018         out
   42 00000018         ;to be continued
   43 00000018 4770            BX               LR
   44 0000001A         
   45 0000001A         ;* * * * * * * * End of LCD_OutDec * * * * * * * *



ARM Macro Assembler    Page 2 


   46 0000001A         
   47 0000001A         ; -----------------------LCD _OutFix--------------------
                       --
   48 0000001A         ; Output characters to LCD display in fixed-point format
                       
   49 0000001A         ; unsigned decimal, resolution 0.001, range 0.000 to 9.9
                       99
   50 0000001A         ; Inputs:  R0 is an unsigned 32-bit number
   51 0000001A         ; Outputs: none
   52 0000001A         ; E.g., R0=0,    then output "0.000 "
   53 0000001A         ;       R0=3,    then output "0.003 "
   54 0000001A         ;       R0=89,   then output "0.089 "
   55 0000001A         ;       R0=123,  then output "0.123 "
   56 0000001A         ;       R0=9999, then output "9.999 "
   57 0000001A         ;       R0>9999, then output "*.*** "
   58 0000001A         ; Invariables: This function must not permanently modify
                        registers R4 to R11
   59 0000001A         LCD_OutFix
   60 0000001A         ;PUSH R13
   61 0000001A F04F 020A       MOV              R2, #10
   62 0000001E F04F 0364       MOV              R3, #100
   63 00000022 F44F 7C7A       MOV              R12, #1000
   64 00000026         oneDigit
   65 00000026 4601            MOV              R1, R0      ;R1 = input 
   66 00000028 2909            CMP              R1, #9      ;checking significa
                                                            nt ranges
   67 0000002A DC13            BGT              twoDigit    ;jumps to next cate
                                                            gory if not a fit
   68 0000002C F04F 0030       MOV              R0, #zero
   69 00000030 F7FF FFFE       BL               ST7735_OutChar
   70 00000034 F04F 002E       MOV              R0, #period
   71 00000038 F7FF FFFE       BL               ST7735_OutChar
   72 0000003C F04F 0030       MOV              R0, #zero
   73 00000040 F7FF FFFE       BL               ST7735_OutChar
   74 00000044 F7FF FFFE       BL               ST7735_OutChar
   75 00000048 4608            MOV              R0, R1      ;reloading input in
                                                            ot R0
   76 0000004A F000 F86F       BL               findASCII
   77 0000004E F7FF FFFE       BL               ST7735_OutChar ;outputting sign
                                                            ificant bit
   78 00000052 E06A            B                fin         ;returning 
   79 00000054         twoDigit
   80 00000054 2963            CMP              R1, #99
   81 00000056 DC18            BGT              threeDigit
   82 00000058 F04F 0030       MOV              R0, #zero
   83 0000005C F7FF FFFE       BL               ST7735_OutChar
   84 00000060 F04F 002E       MOV              R0, #period
   85 00000064 F7FF FFFE       BL               ST7735_OutChar
   86 00000068 F04F 0030       MOV              R0, #zero
   87 0000006C F7FF FFFE       BL               ST7735_OutChar
   88 00000070 FBB1 F0F2       UDIV             R0, R1, R2
   89 00000074 F000 F85A       BL               findASCII
   90 00000078 F7FF FFFE       BL               ST7735_OutChar
   91 0000007C F001 001F       AND              R0, R1, #0x1F
   92 00000080 F000 F854       BL               findASCII
   93 00000084 F7FF FFFE       BL               ST7735_OutChar
   94 00000088 E04F            B                fin
   95 0000008A         threeDigit
   96 0000008A F240 34E7       LDR              R4, =test3



ARM Macro Assembler    Page 3 


   97 0000008E 6824            LDR              R4, [R4]
   98 00000090 42A1            CMP              R1, R4
   99 00000092 DC1A            BGT              fourDigit
  100 00000094 F04F 0030       MOV              R0, #zero
  101 00000098 F7FF FFFE       BL               ST7735_OutChar
  102 0000009C F04F 002E       MOV              R0, #period
  103 000000A0 F7FF FFFE       BL               ST7735_OutChar
  104 000000A4 FBB1 F0F3       UDIV             R0, R1, R3
  105 000000A8 F000 F840       BL               findASCII
  106 000000AC F7FF FFFE       BL               ST7735_OutChar
  107 000000B0 FBB1 F0F2       UDIV             R0, R1, R2
  108 000000B4 F000 F83A       BL               findASCII
  109 000000B8 F7FF FFFE       BL               ST7735_OutChar
  110 000000BC F001 001F       AND              R0, R1, #0x1F
  111 000000C0 F000 F834       BL               findASCII
  112 000000C4 F7FF FFFE       BL               ST7735_OutChar
  113 000000C8 E02F            B                fin
  114 000000CA         fourDigit
  115 000000CA F242 740F       LDR              R4, =test4
  116 000000CE 6824            LDR              R4, [R4]
  117 000000D0 42A1            CMP              R1, R4
  118 000000D2 DC1C            BGT              stars
  119 000000D4 FBB1 F0FC       UDIV             R0, R1, R12
  120 000000D8 F000 F828       BL               findASCII
  121 000000DC F7FF FFFE       BL               ST7735_OutChar
  122 000000E0 F04F 002E       MOV              R0, #period
  123 000000E4 F7FF FFFE       BL               ST7735_OutChar
  124 000000E8 FBB1 F0F3       UDIV             R0, R1, R3
  125 000000EC F000 F81E       BL               findASCII
  126 000000F0 F7FF FFFE       BL               ST7735_OutChar
  127 000000F4 FBB1 F0F2       UDIV             R0, R1, R2
  128 000000F8 F000 F818       BL               findASCII
  129 000000FC F7FF FFFE       BL               ST7735_OutChar
  130 00000100 F001 001F       AND              R0, R1, #0x1F
  131 00000104 F000 F812       BL               findASCII
  132 00000108 F7FF FFFE       BL               ST7735_OutChar
  133 0000010C E00D            B                fin
  134 0000010E         stars
  135 0000010E F04F 002A       MOV              R0, #star
  136 00000112 F7FF FFFE       BL               ST7735_OutChar
  137 00000116 F04F 002E       MOV              R0, #period
  138 0000011A F7FF FFFE       BL               ST7735_OutChar
  139 0000011E F04F 002A       MOV              R0, #star
  140 00000122 F7FF FFFE       BL               ST7735_OutChar
  141 00000126 F7FF FFFE       BL               ST7735_OutChar
  142 0000012A         fin
  143 0000012A         ;POP R13
  144 0000012A 4770            BX               LR
  145 0000012C         
  146 0000012C         findASCII
  147 0000012C 2800            CMP              R0, #0
  148 0000012E D102            BNE              a
  149 00000130 F04F 0030       MOV              R0, #0x30
  150 00000134 4770            BX               LR
  151 00000136         a
  152 00000136 2801            CMP              R0, #1
  153 00000138 D102            BNE              c
  154 0000013A F04F 0031       MOV              R0, #0x31
  155 0000013E 4770            BX               LR



ARM Macro Assembler    Page 4 


  156 00000140         c
  157 00000140 2802            CMP              R0, #2
  158 00000142 D102            BNE              d
  159 00000144 F04F 0032       MOV              R0, #0x32
  160 00000148 4770            BX               LR
  161 0000014A         d
  162 0000014A 2803            CMP              R0, #3
  163 0000014C D102            BNE              e
  164 0000014E F04F 0033       MOV              R0, #0x33
  165 00000152 4770            BX               LR
  166 00000154         e
  167 00000154 2804            CMP              R0, #4
  168 00000156 D102            BNE              f
  169 00000158 F04F 0034       MOV              R0, #0x34
  170 0000015C 4770            BX               LR
  171 0000015E         f
  172 0000015E 2805            CMP              R0, #5
  173 00000160 D102            BNE              g
  174 00000162 F04F 0035       MOV              R0, #0x35
  175 00000166 4770            BX               LR
  176 00000168         g
  177 00000168 2806            CMP              R0, #6
  178 0000016A D102            BNE              h
  179 0000016C F04F 0036       MOV              R0, #0x36
  180 00000170 4770            BX               LR
  181 00000172         h
  182 00000172 2807            CMP              R0, #7
  183 00000174 D102            BNE              i
  184 00000176 F04F 0037       MOV              R0, #0x37
  185 0000017A 4770            BX               LR
  186 0000017C         i
  187 0000017C 2808            CMP              R0, #8
  188 0000017E D102            BNE              j
  189 00000180 F04F 0038       MOV              R0, #0x38
  190 00000184 4770            BX               LR
  191 00000186         j
  192 00000186 F04F 0039       MOV              R0, #0x39
  193 0000018A 4770            BX               LR
  194 0000018C         
  195 0000018C                 ALIGN
  196 0000018C         ;* * * * * * * * End of LCD_OutFix * * * * * * * *
  197 0000018C         
  198 0000018C                 ALIGN                        ; make sure the end
                                                             of this section is
                                                             aligned
  199 0000018C                 END                          ; end of file
Command Line: --debug --xref --cpu=Cortex-M4 --apcs=interwork --depend=.\print.
d -o.\print.o -IC:\Keil\ARM\RV31\INC -IC:\Keil\ARM\CMSIS\Include -IC:\Keil\ARM\
Inc\Luminary --predefine="__MICROLIB SETA 1" --list=.\print.lst Print.s



ARM Macro Assembler    Page 1 Alphabetic symbol ordering
Relocatable symbols

.text 00000000

Symbol: .text
   Definitions
      At line 17 in file Print.s
   Uses
      None
Comment: .text unused
LCD_OutDec 00000000

Symbol: LCD_OutDec
   Definitions
      At line 31 in file Print.s
   Uses
      At line 14 in file Print.s
Comment: LCD_OutDec used once
LCD_OutFix 0000001A

Symbol: LCD_OutFix
   Definitions
      At line 59 in file Print.s
   Uses
      At line 15 in file Print.s
Comment: LCD_OutFix used once
a 00000136

Symbol: a
   Definitions
      At line 151 in file Print.s
   Uses
      At line 148 in file Print.s
Comment: a used once
c 00000140

Symbol: c
   Definitions
      At line 156 in file Print.s
   Uses
      At line 153 in file Print.s
Comment: c used once
d 0000014A

Symbol: d
   Definitions
      At line 161 in file Print.s
   Uses
      At line 158 in file Print.s
Comment: d used once
e 00000154

Symbol: e
   Definitions
      At line 166 in file Print.s
   Uses
      At line 163 in file Print.s
Comment: e used once
f 0000015E

Symbol: f



ARM Macro Assembler    Page 2 Alphabetic symbol ordering
Relocatable symbols

   Definitions
      At line 171 in file Print.s
   Uses
      At line 168 in file Print.s
Comment: f used once
fin 0000012A

Symbol: fin
   Definitions
      At line 142 in file Print.s
   Uses
      At line 78 in file Print.s
      At line 94 in file Print.s
      At line 113 in file Print.s
      At line 133 in file Print.s

findASCII 0000012C

Symbol: findASCII
   Definitions
      At line 146 in file Print.s
   Uses
      At line 76 in file Print.s
      At line 89 in file Print.s
      At line 92 in file Print.s
      At line 105 in file Print.s
      At line 108 in file Print.s
      At line 111 in file Print.s
      At line 120 in file Print.s
      At line 125 in file Print.s
      At line 128 in file Print.s
      At line 131 in file Print.s

fourDigit 000000CA

Symbol: fourDigit
   Definitions
      At line 114 in file Print.s
   Uses
      At line 99 in file Print.s
Comment: fourDigit used once
g 00000168

Symbol: g
   Definitions
      At line 176 in file Print.s
   Uses
      At line 173 in file Print.s
Comment: g used once
h 00000172

Symbol: h
   Definitions
      At line 181 in file Print.s
   Uses
      At line 178 in file Print.s
Comment: h used once
i 0000017C




ARM Macro Assembler    Page 3 Alphabetic symbol ordering
Relocatable symbols

Symbol: i
   Definitions
      At line 186 in file Print.s
   Uses
      At line 183 in file Print.s
Comment: i used once
j 00000186

Symbol: j
   Definitions
      At line 191 in file Print.s
   Uses
      At line 188 in file Print.s
Comment: j used once
loop 0000000A

Symbol: loop
   Definitions
      At line 35 in file Print.s
   Uses
      At line 40 in file Print.s
Comment: loop used once
oneDigit 00000026

Symbol: oneDigit
   Definitions
      At line 64 in file Print.s
   Uses
      None
Comment: oneDigit unused
out 00000018

Symbol: out
   Definitions
      At line 41 in file Print.s
   Uses
      At line 37 in file Print.s
Comment: out used once
stars 0000010E

Symbol: stars
   Definitions
      At line 134 in file Print.s
   Uses
      At line 118 in file Print.s
Comment: stars used once
threeDigit 0000008A

Symbol: threeDigit
   Definitions
      At line 95 in file Print.s
   Uses
      At line 81 in file Print.s
Comment: threeDigit used once
twoDigit 00000054

Symbol: twoDigit
   Definitions
      At line 79 in file Print.s



ARM Macro Assembler    Page 4 Alphabetic symbol ordering
Relocatable symbols

   Uses
      At line 67 in file Print.s
Comment: twoDigit used once
21 symbols



ARM Macro Assembler    Page 1 Alphabetic symbol ordering
Absolute symbols

period 0000002E

Symbol: period
   Definitions
      At line 21 in file Print.s
   Uses
      At line 70 in file Print.s
      At line 84 in file Print.s
      At line 102 in file Print.s
      At line 122 in file Print.s
      At line 137 in file Print.s

star 0000002A

Symbol: star
   Definitions
      At line 23 in file Print.s
   Uses
      At line 135 in file Print.s
      At line 139 in file Print.s

test3 000003E7

Symbol: test3
   Definitions
      At line 24 in file Print.s
   Uses
      At line 96 in file Print.s
Comment: test3 used once
test4 0000270F

Symbol: test4
   Definitions
      At line 25 in file Print.s
   Uses
      At line 115 in file Print.s
Comment: test4 used once
zero 00000030

Symbol: zero
   Definitions
      At line 22 in file Print.s
   Uses
      At line 68 in file Print.s
      At line 72 in file Print.s
      At line 82 in file Print.s
      At line 86 in file Print.s
      At line 100 in file Print.s

5 symbols



ARM Macro Assembler    Page 1 Alphabetic symbol ordering
External symbols

ST7735_OutChar 00000000

Symbol: ST7735_OutChar
   Definitions
      At line 12 in file Print.s
   Uses
      At line 69 in file Print.s
      At line 71 in file Print.s
      At line 73 in file Print.s
      At line 74 in file Print.s
      At line 77 in file Print.s
      At line 83 in file Print.s
      At line 85 in file Print.s
      At line 87 in file Print.s
      At line 90 in file Print.s
      At line 93 in file Print.s
      At line 101 in file Print.s
      At line 103 in file Print.s
      At line 106 in file Print.s
      At line 109 in file Print.s
      At line 112 in file Print.s
      At line 121 in file Print.s
      At line 123 in file Print.s
      At line 126 in file Print.s
      At line 129 in file Print.s
      At line 132 in file Print.s
      At line 136 in file Print.s
      At line 138 in file Print.s
      At line 140 in file Print.s
      At line 141 in file Print.s

ST7735_OutString 00000000

Symbol: ST7735_OutString
   Definitions
      At line 13 in file Print.s
   Uses
      None
Comment: ST7735_OutString unused
2 symbols
359 symbols in table
