


ARM Macro Assembler    Page 1 


    1 00000000         ; Print.s
    2 00000000         ; Student names: change this to your names or look very 
                       silly
    3 00000000         ; Last modification date: change this to the last modifi
                       cation date or look very silly
    4 00000000         ; Runs on LM4F120 or TM4C123
    5 00000000         ; EE319K lab 7 device driver for any LCD
    6 00000000         ;
    7 00000000         ; As part of Lab 7, students need to implement these LCD
                       _OutDec and LCD_OutFix
    8 00000000         ; This driver assumes two low-level LCD functions
    9 00000000         ; ST7735_OutChar   outputs a single 8-bit ASCII characte
                       r
   10 00000000         ; ST7735_OutString outputs a null-terminated string 
   11 00000000         
   12 00000000                 IMPORT           ST7735_OutChar
   13 00000000                 IMPORT           ST7735_OutString
   14 00000000                 EXPORT           LCD_OutDec
   15 00000000                 EXPORT           LCD_OutFix
   16 00000000         
   17 00000000                 AREA             |.text|, CODE, READONLY, ALIGN=
2
   18 00000000                 THUMB
   19 00000000         
   20 00000000         
   21 00000000         
   22 00000000         ;-----------------------LCD_OutDec----------------------
                       -
   23 00000000         ; Output a 32-bit number in unsigned decimal format
   24 00000000         ; Input: R0 (call by value) 32-bit unsigned number
   25 00000000         ; Output: none
   26 00000000         ; Invariables: This function must not permanently modify
                        registers R4 to R11
   27 00000000         LCD_OutDec
   28 00000000 B502            PUSH             {R1, LR}
   29 00000002 280A            CMP              R0, #0x0A
   30 00000004 D30D            BLO              Single
   31 00000006 F04F 020A       MOV              R2, #0x0A
   32 0000000A FBB0 F3F2       UDIV             R3, R0, R2
   33 0000000E FB03 F102       MUL              R1, R3, R2
   34 00000012 EBA0 0101       SUB              R1, R0, R1
   35 00000016 F103 0000       ADD              R0, R3, #0x00
   36 0000001A F7FF FFFE       BL               LCD_OutDec
   37 0000001E F101 0000       ADD              R0, R1, #0x00
   38 00000022         Single
   39 00000022 F100 0030       ADD              R0, R0, #0x30
   40 00000026 F7FF FFFE       BL               ST7735_OutChar
   41 0000002A E8BD 4002       POP              {R1, LR}
   42 0000002E 4770            BX               LR
   43 00000030         ;* * * * * * * * End of LCD_OutDec * * * * * * * *
   44 00000030         
   45 00000030         ; -----------------------LCD _OutFix--------------------
                       --
   46 00000030         ; Output characters to LCD display in fixed-point format
                       
   47 00000030         ; unsigned decimal, resolution 0.001, range 0.000 to 9.9
                       99
   48 00000030         ; Inputs:  R0 is an unsigned 32-bit number
   49 00000030         ; Outputs: none



ARM Macro Assembler    Page 2 


   50 00000030         ; E.g., R0=0,    then output "0.000 "
   51 00000030         ;       R0=3,    then output "0.003 "
   52 00000030         ;       R0=89,   then output "0.089 "
   53 00000030         ;       R0=123,  then output "0.123 "
   54 00000030         ;       R0=9999, then output "9.999 "
   55 00000030         ;       R0>9999, then output "*.*** "
   56 00000030         ; Invariables: This function must not permanently modify
                        registers R4 to R11
   57 00000030         LCD_OutFix
   58 00000030 E92D 41F0       PUSH             {R4-R8, LR}
   59 00000034 F242 7110       MOV              R1, #0x2710
   60 00000038 4288            CMP              R0, R1
   61 0000003A D232            BHS              Err
   62 0000003C F04F 020A       MOV              R2, #0x0A
   63 00000040 FBB0 F3F2       UDIV             R3, R0, R2
   64 00000044 FB03 F102       MUL              R1, R3, R2
   65 00000048 EBA0 0101       SUB              R1, R0, R1
   66 0000004C F101 0430       ADD              R4, R1, #0x30
   67 00000050         
   68 00000050 F103 0000       ADD              R0, R3, #0x00
   69 00000054 FBB0 F3F2       UDIV             R3, R0, R2
   70 00000058 FB03 F102       MUL              R1, R3, R2
   71 0000005C EBA0 0101       SUB              R1, R0, R1
   72 00000060 F101 0530       ADD              R5, R1, #0x30
   73 00000064         
   74 00000064 F103 0000       ADD              R0, R3, #0x00
   75 00000068 FBB0 F3F2       UDIV             R3, R0, R2
   76 0000006C FB03 F102       MUL              R1, R3, R2
   77 00000070 EBA0 0101       SUB              R1, R0, R1
   78 00000074 F101 0630       ADD              R6, R1, #0x30
   79 00000078         
   80 00000078 F103 0030       ADD              R0, R3, #0x30
   81 0000007C F7FF FFFE       BL               ST7735_OutChar
   82 00000080 F04F 002E       MOV              R0, #0x2E
   83 00000084 F7FF FFFE       BL               ST7735_OutChar
   84 00000088 F106 0000       ADD              R0, R6, #0x00
   85 0000008C F7FF FFFE       BL               ST7735_OutChar
   86 00000090 F105 0000       ADD              R0, R5, #0x00
   87 00000094 F7FF FFFE       BL               ST7735_OutChar
   88 00000098 F104 0000       ADD              R0, R4, #0x00
   89 0000009C F7FF FFFE       BL               ST7735_OutChar
   90 000000A0         
   91 000000A0 E013            B                FixEnd
   92 000000A2         
   93 000000A2         Err
   94 000000A2 F04F 002A       MOV              R0, #0x2A
   95 000000A6 F7FF FFFE       BL               ST7735_OutChar
   96 000000AA F04F 002E       MOV              R0, #0x2E
   97 000000AE F7FF FFFE       BL               ST7735_OutChar
   98 000000B2 F04F 002A       MOV              R0, #0x2A
   99 000000B6 F7FF FFFE       BL               ST7735_OutChar
  100 000000BA F04F 002A       MOV              R0, #0x2A
  101 000000BE F7FF FFFE       BL               ST7735_OutChar
  102 000000C2 F04F 002A       MOV              R0, #0x2A
  103 000000C6 F7FF FFFE       BL               ST7735_OutChar
  104 000000CA         
  105 000000CA         FixEnd
  106 000000CA E8BD 41F0       POP              {R4-R8, LR}
  107 000000CE 4770            BX               LR



ARM Macro Assembler    Page 3 


  108 000000D0         
  109 000000D0                 ALIGN
  110 000000D0         ;* * * * * * * * End of LCD_OutFix * * * * * * * *
  111 000000D0         
  112 000000D0                 ALIGN                        ; make sure the end
                                                             of this section is
                                                             aligned
  113 000000D0                 END                          ; end of file
Command Line: --debug --xref --cpu=Cortex-M4 --apcs=interwork --depend=.\print.
d -o.\print.o -IC:\Keil\ARM\RV31\INC -IC:\Keil\ARM\CMSIS\Include -IC:\Keil\ARM\
Inc\Luminary --list=.\print.lst Print.s



ARM Macro Assembler    Page 1 Alphabetic symbol ordering
Relocatable symbols

.text 00000000

Symbol: .text
   Definitions
      At line 17 in file Print.s
   Uses
      None
Comment: .text unused
Err 000000A2

Symbol: Err
   Definitions
      At line 93 in file Print.s
   Uses
      At line 61 in file Print.s
Comment: Err used once
FixEnd 000000CA

Symbol: FixEnd
   Definitions
      At line 105 in file Print.s
   Uses
      At line 91 in file Print.s
Comment: FixEnd used once
LCD_OutDec 00000000

Symbol: LCD_OutDec
   Definitions
      At line 27 in file Print.s
   Uses
      At line 14 in file Print.s
      At line 36 in file Print.s

LCD_OutFix 00000030

Symbol: LCD_OutFix
   Definitions
      At line 57 in file Print.s
   Uses
      At line 15 in file Print.s
Comment: LCD_OutFix used once
Single 00000022

Symbol: Single
   Definitions
      At line 38 in file Print.s
   Uses
      At line 30 in file Print.s
Comment: Single used once
6 symbols



ARM Macro Assembler    Page 1 Alphabetic symbol ordering
External symbols

ST7735_OutChar 00000000

Symbol: ST7735_OutChar
   Definitions
      At line 12 in file Print.s
   Uses
      At line 40 in file Print.s
      At line 81 in file Print.s
      At line 83 in file Print.s
      At line 85 in file Print.s
      At line 87 in file Print.s
      At line 89 in file Print.s
      At line 95 in file Print.s
      At line 97 in file Print.s
      At line 99 in file Print.s
      At line 101 in file Print.s
      At line 103 in file Print.s

ST7735_OutString 00000000

Symbol: ST7735_OutString
   Definitions
      At line 13 in file Print.s
   Uses
      None
Comment: ST7735_OutString unused
2 symbols
338 symbols in table
