


ARM Macro Assembler    Page 1 


    1 00000000         ;****************** main.s ***************
    2 00000000         ; Program written by: Dylan Cauwels
    3 00000000         ; Date Created: 1/20/2017 
    4 00000000         ; Last Modified: 1/24/2017 
    5 00000000         ; Brief description of the program
    6 00000000         ; The objective of this system is to implement a Car doo
                       r signal system
    7 00000000         ; Hardware connections: Inputs are negative logic; outpu
                       t is positive logic
    8 00000000         ;  PF0 is right-door input sensor (1 means door is open,
                        0 means door is closed)
    9 00000000         ;  PF4 is left-door input sensor (1 means door is open, 
                       0 means door is closed)
   10 00000000         ;  PF3 is Safe (Green) LED signal - ON when both doors a
                       re closed, otherwise OFF
   11 00000000         ;  PF1 is Unsafe (Red) LED signal - ON when either (or b
                       oth) doors are open, otherwise OFF
   12 00000000         ; The specific operation of this system 
   13 00000000         ;   Turn Unsafe LED signal ON if any or both doors are o
                       pen, otherwise turn the Safe LED signal ON
   14 00000000         ;   Only one of the two LEDs must be ON at any time.
   15 00000000         ; NOTE: Do not use any conditional branches in your solu
                       tion. 
   16 00000000         ;       We want you to think of the solution in terms of
                        logical and shift operations
   17 00000000         
   18 00000000 400253FC 
                       GPIO_PORTF_DATA_R
                               EQU              0x400253FC
   19 00000000 40025400 
                       GPIO_PORTF_DIR_R
                               EQU              0x40025400
   20 00000000 40025420 
                       GPIO_PORTF_AFSEL_R
                               EQU              0x40025420
   21 00000000 40025510 
                       GPIO_PORTF_PUR_R
                               EQU              0x40025510
   22 00000000 4002551C 
                       GPIO_PORTF_DEN_R
                               EQU              0x4002551C
   23 00000000 40025520 
                       GPIO_PORTF_LOCK_R
                               EQU              0x40025520
   24 00000000 40025524 
                       GPIO_PORTF_CR_R
                               EQU              0x40025524
   25 00000000 40025528 
                       GPIO_PORTF_AMSEL_R
                               EQU              0x40025528
   26 00000000 4002552C 
                       GPIO_PORTF_PCTL_R
                               EQU              0x4002552C
   27 00000000 4C4F434B 
                       GPIO_LOCK_KEY
                               EQU              0x4C4F434B  ; Unlocks the GPIO_
                                                            CR register
   28 00000000 400FE608 
                       SYSCTL_RCGCGPIO_R



ARM Macro Assembler    Page 2 


                               EQU              0x400FE608
   29 00000000                 THUMB
   30 00000000                 AREA             DATA, ALIGN=2
   31 00000000         ;global variables go here
   32 00000000                 ALIGN
   33 00000000                 AREA             |.text|, CODE, READONLY, ALIGN=
2
   34 00000000                 EXPORT           Start
   35 00000000         
   36 00000000         Start
   37 00000000 491E            LDR              R1, =SYSCTL_RCGCGPIO_R ;Activat
                                                            e Port F Clock
   38 00000002 6808            LDR              R0, [R1]
   39 00000004 F040 0020       ORR              R0, R0, #0x20
   40 00000008 6008            STR              R0, [R1]    ;Clock Initialize T
                                                            ime
   41 0000000A BF00            NOP
   42 0000000C BF00            NOP
   43 0000000E 491C            LDR              R1, =GPIO_PORTF_LOCK_R ;Unlock 
                                                            PortF Register
   44 00000010 481C            LDR              R0, =0x4C4F434B
   45 00000012 6008            STR              R0, [R1]
   46 00000014 491C            LDR              R1, =GPIO_PORTF_CR_R
   47 00000016 F04F 00FF       MOV              R0, #0xFF
   48 0000001A 6008            STR              R0, [R1]
   49 0000001C 491B            LDR              R1, =GPIO_PORTF_AMSEL_R 
                                                            ;Disable Analog
   50 0000001E F04F 0000       MOV              R0, #0
   51 00000022 6008            STR              R0, [R1]
   52 00000024 491A            LDR              R1, =GPIO_PORTF_PCTL_R 
                                                            ;Start GPIO
   53 00000026 F04F 0000       MOV              R0, #0x00000000
   54 0000002A 6008            STR              R0, [R1]
   55 0000002C 4919            LDR              R1, =GPIO_PORTF_DIR_R ;Set Dire
                                                            ction Register
   56 0000002E F04F 000A       MOV              R0,#0x0A    ;0 & 4 Input, 1-3 O
                                                            utput
   57 00000032 6008            STR              R0, [R1]
   58 00000034 4918            LDR              R1, =GPIO_PORTF_AFSEL_R 
                                                            ;Initialize PortF
   59 00000036 F04F 0000       MOV              R0, #0
   60 0000003A 6008            STR              R0, [R1]
   61 0000003C 4917            LDR              R1, =GPIO_PORTF_PUR_R 
                                                            ;Pull Up Resistors
   62 0000003E F04F 0011       MOV              R0, #0x11
   63 00000042 6008            STR              R0, [R1]
   64 00000044 4916            LDR              R1, =GPIO_PORTF_DEN_R 
                                                            ;Enable PortF
   65 00000046 F04F 00FF       MOV              R0, #0xFF
   66 0000004A 6008            STR              R0, [R1]
   67 0000004C         
   68 0000004C         loop                                 ;PortF_Input
   69 0000004C 4915            LDR              R1, =GPIO_PORTF_DATA_R ;Load Po
                                                            rtF Data Address
   70 0000004E 6808            LDR              R0, [R1]    ;Load PortF Data
   71 00000050 F000 0011       AND              R0,R0,#0x11 ;Isolate Input  Pin
                                                            s
   72 00000054 F000 0101       AND              R1, R0, #0x01 ;Isolate SW1
   73 00000058 EA4F 0141       LSL              R1, R1, #1  ;Move SW1 bit to co



ARM Macro Assembler    Page 3 


                                                            mmon position
   74 0000005C F000 0210       AND              R2, R0, #0x10 ;Isolate SW2
   75 00000060 EA4F 02D2       LSR              R2, R2, #3  ;Move SW2 bit to co
                                                            mmon position
   76 00000064 EA42 0301       ORR              R3, R2, R1  ;Check if either is
                                                             on 
   77 00000068 F04F 0402       MOV              R4, #2      ;Move Result to LED
                                                            
   78 0000006C EA84 0503       EOR              R5, R4, R3  ;Insert Result 
   79 00000070 EA4F 0585       LSL              R5, R5, #2  ;Move to other LED
   80 00000074 441D            ADD              R5, R5, R3  ;Insert Result 
   81 00000076 490B            LDR              R1, =GPIO_PORTF_DATA_R ;Reload 
                                                            Data Register Addre
                                                            ss
   82 00000078 600D            STR              R5, [R1]    ;Toggle LED's accor
                                                            dingly
   83 0000007A         
   84 0000007A E7E7            B                loop
   85 0000007C         
   86 0000007C                 ALIGN                        ; make sure the end
                                                             of this section is
                                                             aligned
   87 0000007C                 END                          ; end of file
              400FE608 
              40025520 
              4C4F434B 
              40025524 
              40025528 
              4002552C 
              40025400 
              40025420 
              40025510 
              4002551C 
              400253FC 
Command Line: --debug --xref --cpu=Cortex-M4 --apcs=interwork --depend=.\main.d
 -o.\main.o -IC:\Keil\ARM\RV31\INC -IC:\Keil\ARM\CMSIS\Include -IC:\Keil\ARM\In
c\Luminary --list=.\main.lst main.s



ARM Macro Assembler    Page 1 Alphabetic symbol ordering
Relocatable symbols

DATA 00000000

Symbol: DATA
   Definitions
      At line 30 in file main.s
   Uses
      None
Comment: DATA unused
1 symbol



ARM Macro Assembler    Page 1 Alphabetic symbol ordering
Relocatable symbols

.text 00000000

Symbol: .text
   Definitions
      At line 33 in file main.s
   Uses
      None
Comment: .text unused
Start 00000000

Symbol: Start
   Definitions
      At line 36 in file main.s
   Uses
      At line 34 in file main.s
Comment: Start used once
loop 0000004C

Symbol: loop
   Definitions
      At line 68 in file main.s
   Uses
      At line 84 in file main.s
Comment: loop used once
3 symbols



ARM Macro Assembler    Page 1 Alphabetic symbol ordering
Absolute symbols

GPIO_LOCK_KEY 4C4F434B

Symbol: GPIO_LOCK_KEY
   Definitions
      At line 27 in file main.s
   Uses
      None
Comment: GPIO_LOCK_KEY unused
GPIO_PORTF_AFSEL_R 40025420

Symbol: GPIO_PORTF_AFSEL_R
   Definitions
      At line 20 in file main.s
   Uses
      At line 58 in file main.s
Comment: GPIO_PORTF_AFSEL_R used once
GPIO_PORTF_AMSEL_R 40025528

Symbol: GPIO_PORTF_AMSEL_R
   Definitions
      At line 25 in file main.s
   Uses
      At line 49 in file main.s
Comment: GPIO_PORTF_AMSEL_R used once
GPIO_PORTF_CR_R 40025524

Symbol: GPIO_PORTF_CR_R
   Definitions
      At line 24 in file main.s
   Uses
      At line 46 in file main.s
Comment: GPIO_PORTF_CR_R used once
GPIO_PORTF_DATA_R 400253FC

Symbol: GPIO_PORTF_DATA_R
   Definitions
      At line 18 in file main.s
   Uses
      At line 69 in file main.s
      At line 81 in file main.s

GPIO_PORTF_DEN_R 4002551C

Symbol: GPIO_PORTF_DEN_R
   Definitions
      At line 22 in file main.s
   Uses
      At line 64 in file main.s
Comment: GPIO_PORTF_DEN_R used once
GPIO_PORTF_DIR_R 40025400

Symbol: GPIO_PORTF_DIR_R
   Definitions
      At line 19 in file main.s
   Uses
      At line 55 in file main.s
Comment: GPIO_PORTF_DIR_R used once
GPIO_PORTF_LOCK_R 40025520




ARM Macro Assembler    Page 2 Alphabetic symbol ordering
Absolute symbols

Symbol: GPIO_PORTF_LOCK_R
   Definitions
      At line 23 in file main.s
   Uses
      At line 43 in file main.s
Comment: GPIO_PORTF_LOCK_R used once
GPIO_PORTF_PCTL_R 4002552C

Symbol: GPIO_PORTF_PCTL_R
   Definitions
      At line 26 in file main.s
   Uses
      At line 52 in file main.s
Comment: GPIO_PORTF_PCTL_R used once
GPIO_PORTF_PUR_R 40025510

Symbol: GPIO_PORTF_PUR_R
   Definitions
      At line 21 in file main.s
   Uses
      At line 61 in file main.s
Comment: GPIO_PORTF_PUR_R used once
SYSCTL_RCGCGPIO_R 400FE608

Symbol: SYSCTL_RCGCGPIO_R
   Definitions
      At line 28 in file main.s
   Uses
      At line 37 in file main.s
Comment: SYSCTL_RCGCGPIO_R used once
11 symbols
347 symbols in table
