


ARM Macro Assembler    Page 1 


    1 00000000         ;****************** main.s ***************
    2 00000000         ; Program written by: Dylan Cauwels, Andrew Han
    3 00000000         ; Date Created: 2/4/2017
    4 00000000         ; Last Modified: 2/14/2017
    5 00000000         ; Brief description of the program
    6 00000000         ;   The LED toggles at 8 Hz and a varying duty-cycle
    7 00000000         ; Hardware connections (External: One button and one LED
                       )
    8 00000000         ;  PE1 is Button input  (1 means pressed, 0 means not pr
                       essed)
    9 00000000         ;  PE0 is LED output (1 activates external9 LED on proto
                       board)
   10 00000000         ;  PF4 is builtin button SW1 on Launchpad (Internal) 
   11 00000000         ;        Negative Logic (0 means pressed, 1 means not pr
                       essed)
   12 00000000         ; Overall functionality of this system is to operate lik
                       e this
   13 00000000         ;   1) Make PE0 an output and make PE1 and PF4 inputs.
   14 00000000         ;   2) The system starts with the the LED toggling at 8H
                       z,
   15 00000000         ;      which is 8 times per second with a duty-cycle of 
                       20%.
   16 00000000         ;      Therefore, the LED is ON for (0.2*1/8)th of a sec
                       ond
   17 00000000         ;      and OFF for (0.8*1/8)th of a second.
   18 00000000         ;   3) When the button on (PE1) is pressed-and-released 
                       increase
   19 00000000         ;      the duty cycle by 20% (modulo 100%). Therefore fo
                       r each
   20 00000000         ;      press-and-release the duty cycle changes from 20%
                        to 40% to 60%
   21 00000000         ;      to 80% to 100%(ON) to 0%(Off) to 20% to 40% so on
                       
   22 00000000         ;   4) Implement a "breathing LED" when SW1 (PF4) on the
                        Launchpad is pressed:
   23 00000000         ;      a) Be creative and play around with what "breathi
                       ng" means.
   24 00000000         ;         An example of "breathing" is most computers po
                       wer LED in sleep mode
   25 00000000         ;         (e.g., https://www.youtube.com/watch?v=ZT6siXy
                       IjvQ).
   26 00000000         ;      b) When (PF4) is released while in breathing mode
                       , resume blinking at 8Hz.
   27 00000000         ;         The duty cycle can either match the most recen
                       t duty-
   28 00000000         ;         cycle or reset to 20%.
   29 00000000         ;      TIP: debugging the breathing LED algorithm and fe
                       el on the simulator is impossible.
   30 00000000         ; PortE device registers
   31 00000000 400243FC 
                       GPIO_PORTE_DATA_R
                               EQU              0x400243FC
   32 00000000 40024400 
                       GPIO_PORTE_DIR_R
                               EQU              0x40024400
   33 00000000 40024420 
                       GPIO_PORTE_AFSEL_R
                               EQU              0x40024420
   34 00000000 4002451C 



ARM Macro Assembler    Page 2 


                       GPIO_PORTE_DEN_R
                               EQU              0x4002451C
   35 00000000         ; PortF device registers
   36 00000000 400253FC 
                       GPIO_PORTF_DATA_R
                               EQU              0x400253FC
   37 00000000 40025400 
                       GPIO_PORTF_DIR_R
                               EQU              0x40025400
   38 00000000 40025420 
                       GPIO_PORTF_AFSEL_R
                               EQU              0x40025420
   39 00000000 40025510 
                       GPIO_PORTF_PUR_R
                               EQU              0x40025510
   40 00000000 4002551C 
                       GPIO_PORTF_DEN_R
                               EQU              0x4002551C
   41 00000000 40025520 
                       GPIO_PORTF_LOCK_R
                               EQU              0x40025520
   42 00000000 40025524 
                       GPIO_PORTF_CR_R
                               EQU              0x40025524
   43 00000000 40025528 
                       GPIO_PORTF_AMSEL_R
                               EQU              0x40025528
   44 00000000 4002552C 
                       GPIO_PORTF_PCTL_R
                               EQU              0x4002552C
   45 00000000 4C4F434B 
                       GPIO_LOCK_KEY
                               EQU              0x4C4F434B  ; Unlocks the GPIO_
                                                            CR register
   46 00000000 400FE608 
                       SYSCTL_RCGCGPIO_R
                               EQU              0x400FE608
   47 00000000                 IMPORT           TExaS_Init
   48 00000000                 AREA             |.text|, CODE, READONLY, ALIGN=
2
   49 00000000                 THUMB
   50 00000000                 EXPORT           Start
   51 00000000         Start
   52 00000000         ; TExaS_Init sets bus clock at 80 MHz
   53 00000000 F7FF FFFE       BL               TExaS_Init  ; voltmeter, scope 
                                                            on PD3
   54 00000004 B662            CPSIE            I           ; TExaS voltmeter, 
                                                            scope runs on inter
                                                            rupts
   55 00000006 4962            LDR              R1, =SYSCTL_RCGCGPIO_R ;Activat
                                                            e Port F/E Clock
   56 00000008 6808            LDR              R0, [R1]
   57 0000000A F040 0030       ORR              R0, R0, #0x30
   58 0000000E 6008            STR              R0, [R1]    ;Clock Initialize T
                                                            ime
   59 00000010 BF00            NOP
   60 00000012 BF00            NOP
   61 00000014 495F            LDR              R1, =GPIO_PORTF_LOCK_R ;Unlock 
                                                            PortF Register



ARM Macro Assembler    Page 3 


   62 00000016 4860            LDR              R0, =0x4C4F434B ;MAYBE YES OR N
                                                            O NOT SURE WHY
   63 00000018 6008            STR              R0, [R1]
   64 0000001A 4960            LDR              R1, =GPIO_PORTF_CR_R
   65 0000001C F04F 00FF       MOV              R0, #0xFF
   66 00000020 6008            STR              R0, [R1]
   67 00000022 495F            LDR              R1, =GPIO_PORTF_AMSEL_R 
                                                            ;Disable Analog
   68 00000024 F04F 0000       MOV              R0, #0
   69 00000028 6008            STR              R0, [R1]
   70 0000002A 495E            LDR              R1, =GPIO_PORTF_PCTL_R 
                                                            ;Start GPIO
   71 0000002C F04F 0000       MOV              R0, #0x00
   72 00000030 6008            STR              R0, [R1]
   73 00000032 495D            LDR              R1, =GPIO_PORTF_DIR_R ;Set Dire
                                                            ction Register
   74 00000034 F04F 0000       MOV              R0, #0x00   ;All Input 
   75 00000038 6008            STR              R0, [R1]
   76 0000003A 495C            LDR              R1, =GPIO_PORTF_AFSEL_R 
                                                            ;Initialize PortF
   77 0000003C F04F 0000       MOV              R0, #0
   78 00000040 6008            STR              R0, [R1]
   79 00000042 495B            LDR              R1, =GPIO_PORTE_AFSEL_R 
                                                            ;Initialize PortE
   80 00000044 F04F 0000       MOV              R0, #0
   81 00000048 6008            STR              R0, [R1]
   82 0000004A 495A            LDR              R1, =GPIO_PORTF_PUR_R 
                                                            ;Pull Up Resistors
   83 0000004C F04F 0010       MOV              R0, #0x10
   84 00000050 6008            STR              R0, [R1]
   85 00000052 4959            LDR              R1, =GPIO_PORTF_DEN_R 
                                                            ;Enable PortF
   86 00000054 F04F 00FF       MOV              R0, #0xFF
   87 00000058 6008            STR              R0, [R1]
   88 0000005A 4958            LDR              R1, =GPIO_PORTE_DEN_R 
                                                            ;Enable PortE
   89 0000005C F04F 00FF       MOV              R0, #0xFF
   90 00000060 6008            STR              R0, [R1]
   91 00000062 4957            LDR              R1, =GPIO_PORTE_DIR_R ;Set Dire
                                                            ction Register
   92 00000064 F04F 0001       MOV              R0,#0x01    ;0 Output, 1 Input
   93 00000068 6008            STR              R0, [R1]
   94 0000006A         
   95 0000006A         
   96 0000006A         
   97 0000006A F04F 0301       MOV              R3, #1      ; R3 CONTAINS COUNT
                                                             FOR DUTY MULTIPLIE
                                                            R
   98 0000006E F04F 0404       MOV              R4, #4      ; R4 CONTAINS COUNT
                                                             FOR LEDOFF DUTY MU
                                                            LTIPLIER
   99 00000072 F04F 0519       MOV              R5, #25     ; PUTS MULITPLE OF 
                                                            25 IN R5
  100 00000076         mainloop
  101 00000076 F000 F826       BL               buttoncheck ;CHECKS PORTE1(BUTT
                                                            ON)
  102 0000007A         checkpoint
  103 0000007A F000 F804       BL               LEDON       ;TOGGLE LED ON
  104 0000007E F000 F812       BL               LEDOFF      ;TOGGLE LED OFF



ARM Macro Assembler    Page 4 


  105 00000082 F7FF FFF8       BL               mainloop    ;REPEAT
  106 00000086         LEDON
  107 00000086 2B00            CMP              R3, #0
  108 00000088 D00C            BEQ              next
  109 0000008A 494E            LDR              R1, =GPIO_PORTE_DATA_R ;Load Po
                                                            rtE Data Address
  110 0000008C 6808            LDR              R0, [R1]    ;Loading PortE Data
                                                              
  111 0000008E F04F 0001       MOV              R0, #0x01   ;Toggling LED PE0
  112 00000092 6008            STR              R0, [R1]    ;Storing Result bac
                                                            k in PortE
  113 00000094 FB03 F605       MUL              R6, R3, R5  ;NUMBER OF MILISECS
                                                            , R5 HAS 25, R3 HAS
                                                             NUMBER OF TIMES TO
                                                             MULTIPLY BY, PUT I
                                                            N R6
  114 00000098         LOOP
  115 00000098 F644 6216       MOV              R2, #19990  ; COUNT
  116 0000009C         delay
  117 0000009C 1E52            SUBS             R2, R2, #1  ; R2 CONTAINS A NUM
                                                            BER TO GET UP TO 1M
                                                            S (16000)
  118 0000009E D1FD            BNE              delay
  119 000000A0 1E76            SUBS             R6, R6, #1  ; R6 CONTAINS NUMBE
                                                            R OF MS COUNT
  120 000000A2 D1F9            BNE              LOOP
  121 000000A4         next
  122 000000A4 4770            BX               LR
  123 000000A6         LEDOFF
  124 000000A6 2C00            CMP              R4, #0
  125 000000A8 D00C            BEQ              next1
  126 000000AA 4946            LDR              R1, =GPIO_PORTE_DATA_R ; LOAD P
                                                            ORTE DATA ADDRESS 
  127 000000AC 6808            LDR              R0, [R1]
  128 000000AE F04F 0000       MOV              R0, #0x00   ; OFF
  129 000000B2 6008            STR              R0, [R1]
  130 000000B4 FB04 F705       MUL              R7, R4, R5  ;# OF MILISECS, R5 
                                                            HAS 25 AND, R4 HAS 
                                                            NUMBER OF TIMES TO 
                                                            MULTIPLY BY, PUT IN
                                                             R7
  131 000000B8         LOOP1
  132 000000B8 F644 6220       MOV              R2, #20000  ; COUNT
  133 000000BC         delay1
  134 000000BC 1E52            SUBS             R2, R2, #1  ; R2 CONTAINS A NUM
                                                            BER TO GET UP TO 1M
                                                            S (16000)
  135 000000BE D1FD            BNE              delay1
  136 000000C0 1E7F            SUBS             R7, R7, #1  ; R4 CONTAINS NUMBE
                                                            R OF OFF MS COUNT
  137 000000C2 D1F9            BNE              LOOP1
  138 000000C4         next1
  139 000000C4 4770            BX               LR
  140 000000C6         buttoncheck
  141 000000C6 493F            LDR              R1, =GPIO_PORTE_DATA_R
  142 000000C8 6808            LDR              R0, [R1]
  143 000000CA EA4F 0050       LSR              R0, #1
  144 000000CE F080 0001       EOR              R0, #0x01
  145 000000D2 2800            CMP              R0, #0



ARM Macro Assembler    Page 5 


  146 000000D4 D006            BEQ              change
  147 000000D6 493C            LDR              R1, =GPIO_PORTF_DATA_R
  148 000000D8 6808            LDR              R0, [R1]
  149 000000DA F000 0010       AND              R0, #0x10
  150 000000DE 2800            CMP              R0, #0
  151 000000E0 D014            BEQ              breathingMode
  152 000000E2 4770            BX               LR
  153 000000E4         change                               ;WHEN BUTTON IS PRE
                                                            SSED INCREASES R3 C
                                                            OUNT AND DECREASES 
                                                            R4
  154 000000E4 4937            LDR              R1, =GPIO_PORTE_DATA_R
  155 000000E6 6808            LDR              R0, [R1]
  156 000000E8 EA4F 0050       LSR              R0, #1
  157 000000EC F080 0001       EOR              R0, #0x01
  158 000000F0 2800            CMP              R0, #0
  159 000000F2 D0F7            BEQ              change
  160 000000F4 F103 0301       ADD              R3, #1
  161 000000F8 2B06            CMP              R3, #6      ;SEES IF BUTTON HAS
                                                             BEEN PRESSED 5 TIM
                                                            ES (6TH TIME SHOULD
                                                             SET TO
  162 000000FA D101            BNE              change2
  163 000000FC F003 0300       AND              R3, #0
  164 00000100         change2
  165 00000100 1E64            SUBS             R4, R4 , #1
  166 00000102 2C00            CMP              R4, #0
  167 00000104 D501            BPL              back        ;IF POSITIVE OR ZER
                                                            O JUMP, IF NEGATIVE
                                                             WANT TO ADD 5 TO G
                                                            ET TO 4(RESET)
  168 00000106 F104 0406       ADD              R4, #6
  169 0000010A         back
  170 0000010A 4770            BX               LR
  171 0000010C         
  172 0000010C         breathingMode
  173 0000010C 492D            LDR              R1, =GPIO_PORTE_DATA_R 
                                                            ;turning LED off 
  174 0000010E 6808            LDR              R0, [R1]
  175 00000110 F000 0000       AND              R0, #0x0
  176 00000114 6008            STR              R0, [R1]
  177 00000116 F04F 0801       MOV              R8, #1      ;R8 = on time 
  178 0000011A F04F 0928       MOV              R9, #40     ;R9 = off time 
  179 0000011E F007 0700       AND              R7, #0x0
  180 00000122         loop1
  181 00000122 F000 F82D       BL               buttonCheck2
  182 00000126 4647            MOV              R7, R8
  183 00000128 F000 F824       BL               toggle
  184 0000012C F7FF FFC4       BL               LOOP1
  185 00000130 464F            MOV              R7, R9
  186 00000132 F000 F81F       BL               toggle
  187 00000136 F7FF FFBF       BL               LOOP1
  188 0000013A F1B9 0901       SUBS             R9, #1
  189 0000013E F108 0801       ADD              R8, #1
  190 00000142 F1B9 0F00       CMP              R9, #0
  191 00000146 D1EC            BNE              loop1
  192 00000148 F109 0901       ADD              R9, #1
  193 0000014C         loop2
  194 0000014C F000 F818       BL               buttonCheck2



ARM Macro Assembler    Page 6 


  195 00000150 4647            MOV              R7, R8
  196 00000152 F000 F80F       BL               toggle
  197 00000156 F7FF FFAF       BL               LOOP1
  198 0000015A 46B9            MOV              R9, R7
  199 0000015C F000 F80A       BL               toggle
  200 00000160 F7FF FFAA       BL               LOOP1
  201 00000164 F1B8 0801       SUBS             R8, #1
  202 00000168 F109 0901       ADD              R9, #1
  203 0000016C F1B8 0F00       CMP              R8, #0
  204 00000170 D1EC            BNE              loop2
  205 00000172 E7CB            B                breathingMode
  206 00000174         
  207 00000174         toggle
  208 00000174 4913            LDR              R1, =GPIO_PORTE_DATA_R
  209 00000176 6808            LDR              R0, [R1]
  210 00000178 F080 0001       EOR              R0, #0x01
  211 0000017C 6008            STR              R0, [R1]
  212 0000017E 4770            BX               LR
  213 00000180         
  214 00000180         buttonCheck2
  215 00000180 4911            LDR              R1, =GPIO_PORTF_DATA_R
  216 00000182 6808            LDR              R0, [R1]
  217 00000184 F000 0010       AND              R0, #0x10
  218 00000188 2800            CMP              R0, #0
  219 0000018A F47F AF76       BNE              checkpoint
  220 0000018E 4770            BX               LR
  221 00000190         
  222 00000190         
  223 00000190         
  224 00000190                 ALIGN                        ; make sure the end
                                                             of this section is
                                                             aligned
  225 00000190                 END                          ; end of file
              400FE608 
              40025520 
              4C4F434B 
              40025524 
              40025528 
              4002552C 
              40025400 
              40025420 
              40024420 
              40025510 
              4002551C 
              4002451C 
              40024400 
              400243FC 
              400253FC 
Command Line: --debug --xref --cpu=Cortex-M4.fp --apcs=interwork --depend=.\mai
n.d -o.\main.o -IC:\Keil\ARM\RV31\INC -IC:\Keil\ARM\CMSIS\Include -IC:\Keil\ARM
\Inc\TI\TM4C123 --list=.\main.lst main.s



ARM Macro Assembler    Page 1 Alphabetic symbol ordering
Relocatable symbols

.text 00000000

Symbol: .text
   Definitions
      At line 48 in file main.s
   Uses
      None
Comment: .text unused
LEDOFF 000000A6

Symbol: LEDOFF
   Definitions
      At line 123 in file main.s
   Uses
      At line 104 in file main.s
Comment: LEDOFF used once
LEDON 00000086

Symbol: LEDON
   Definitions
      At line 106 in file main.s
   Uses
      At line 103 in file main.s
Comment: LEDON used once
LOOP 00000098

Symbol: LOOP
   Definitions
      At line 114 in file main.s
   Uses
      At line 120 in file main.s
Comment: LOOP used once
LOOP1 000000B8

Symbol: LOOP1
   Definitions
      At line 131 in file main.s
   Uses
      At line 137 in file main.s
      At line 184 in file main.s
      At line 187 in file main.s
      At line 197 in file main.s
      At line 200 in file main.s

Start 00000000

Symbol: Start
   Definitions
      At line 51 in file main.s
   Uses
      At line 50 in file main.s
Comment: Start used once
back 0000010A

Symbol: back
   Definitions
      At line 169 in file main.s
   Uses
      At line 167 in file main.s



ARM Macro Assembler    Page 2 Alphabetic symbol ordering
Relocatable symbols

Comment: back used once
breathingMode 0000010C

Symbol: breathingMode
   Definitions
      At line 172 in file main.s
   Uses
      At line 151 in file main.s
      At line 205 in file main.s

buttonCheck2 00000180

Symbol: buttonCheck2
   Definitions
      At line 214 in file main.s
   Uses
      At line 181 in file main.s
      At line 194 in file main.s

buttoncheck 000000C6

Symbol: buttoncheck
   Definitions
      At line 140 in file main.s
   Uses
      At line 101 in file main.s
Comment: buttoncheck used once
change 000000E4

Symbol: change
   Definitions
      At line 153 in file main.s
   Uses
      At line 146 in file main.s
      At line 159 in file main.s

change2 00000100

Symbol: change2
   Definitions
      At line 164 in file main.s
   Uses
      At line 162 in file main.s
Comment: change2 used once
checkpoint 0000007A

Symbol: checkpoint
   Definitions
      At line 102 in file main.s
   Uses
      At line 219 in file main.s
Comment: checkpoint used once
delay 0000009C

Symbol: delay
   Definitions
      At line 116 in file main.s
   Uses
      At line 118 in file main.s



ARM Macro Assembler    Page 3 Alphabetic symbol ordering
Relocatable symbols

Comment: delay used once
delay1 000000BC

Symbol: delay1
   Definitions
      At line 133 in file main.s
   Uses
      At line 135 in file main.s
Comment: delay1 used once
loop1 00000122

Symbol: loop1
   Definitions
      At line 180 in file main.s
   Uses
      At line 191 in file main.s
Comment: loop1 used once
loop2 0000014C

Symbol: loop2
   Definitions
      At line 193 in file main.s
   Uses
      At line 204 in file main.s
Comment: loop2 used once
mainloop 00000076

Symbol: mainloop
   Definitions
      At line 100 in file main.s
   Uses
      At line 105 in file main.s
Comment: mainloop used once
next 000000A4

Symbol: next
   Definitions
      At line 121 in file main.s
   Uses
      At line 108 in file main.s
Comment: next used once
next1 000000C4

Symbol: next1
   Definitions
      At line 138 in file main.s
   Uses
      At line 125 in file main.s
Comment: next1 used once
toggle 00000174

Symbol: toggle
   Definitions
      At line 207 in file main.s
   Uses
      At line 183 in file main.s
      At line 186 in file main.s
      At line 196 in file main.s
      At line 199 in file main.s



ARM Macro Assembler    Page 4 Alphabetic symbol ordering
Relocatable symbols


21 symbols



ARM Macro Assembler    Page 1 Alphabetic symbol ordering
Absolute symbols

GPIO_LOCK_KEY 4C4F434B

Symbol: GPIO_LOCK_KEY
   Definitions
      At line 45 in file main.s
   Uses
      None
Comment: GPIO_LOCK_KEY unused
GPIO_PORTE_AFSEL_R 40024420

Symbol: GPIO_PORTE_AFSEL_R
   Definitions
      At line 33 in file main.s
   Uses
      At line 79 in file main.s
Comment: GPIO_PORTE_AFSEL_R used once
GPIO_PORTE_DATA_R 400243FC

Symbol: GPIO_PORTE_DATA_R
   Definitions
      At line 31 in file main.s
   Uses
      At line 109 in file main.s
      At line 126 in file main.s
      At line 141 in file main.s
      At line 154 in file main.s
      At line 173 in file main.s
      At line 208 in file main.s

GPIO_PORTE_DEN_R 4002451C

Symbol: GPIO_PORTE_DEN_R
   Definitions
      At line 34 in file main.s
   Uses
      At line 88 in file main.s
Comment: GPIO_PORTE_DEN_R used once
GPIO_PORTE_DIR_R 40024400

Symbol: GPIO_PORTE_DIR_R
   Definitions
      At line 32 in file main.s
   Uses
      At line 91 in file main.s
Comment: GPIO_PORTE_DIR_R used once
GPIO_PORTF_AFSEL_R 40025420

Symbol: GPIO_PORTF_AFSEL_R
   Definitions
      At line 38 in file main.s
   Uses
      At line 76 in file main.s
Comment: GPIO_PORTF_AFSEL_R used once
GPIO_PORTF_AMSEL_R 40025528

Symbol: GPIO_PORTF_AMSEL_R
   Definitions
      At line 43 in file main.s
   Uses



ARM Macro Assembler    Page 2 Alphabetic symbol ordering
Absolute symbols

      At line 67 in file main.s
Comment: GPIO_PORTF_AMSEL_R used once
GPIO_PORTF_CR_R 40025524

Symbol: GPIO_PORTF_CR_R
   Definitions
      At line 42 in file main.s
   Uses
      At line 64 in file main.s
Comment: GPIO_PORTF_CR_R used once
GPIO_PORTF_DATA_R 400253FC

Symbol: GPIO_PORTF_DATA_R
   Definitions
      At line 36 in file main.s
   Uses
      At line 147 in file main.s
      At line 215 in file main.s

GPIO_PORTF_DEN_R 4002551C

Symbol: GPIO_PORTF_DEN_R
   Definitions
      At line 40 in file main.s
   Uses
      At line 85 in file main.s
Comment: GPIO_PORTF_DEN_R used once
GPIO_PORTF_DIR_R 40025400

Symbol: GPIO_PORTF_DIR_R
   Definitions
      At line 37 in file main.s
   Uses
      At line 73 in file main.s
Comment: GPIO_PORTF_DIR_R used once
GPIO_PORTF_LOCK_R 40025520

Symbol: GPIO_PORTF_LOCK_R
   Definitions
      At line 41 in file main.s
   Uses
      At line 61 in file main.s
Comment: GPIO_PORTF_LOCK_R used once
GPIO_PORTF_PCTL_R 4002552C

Symbol: GPIO_PORTF_PCTL_R
   Definitions
      At line 44 in file main.s
   Uses
      At line 70 in file main.s
Comment: GPIO_PORTF_PCTL_R used once
GPIO_PORTF_PUR_R 40025510

Symbol: GPIO_PORTF_PUR_R
   Definitions
      At line 39 in file main.s
   Uses
      At line 82 in file main.s
Comment: GPIO_PORTF_PUR_R used once



ARM Macro Assembler    Page 3 Alphabetic symbol ordering
Absolute symbols

SYSCTL_RCGCGPIO_R 400FE608

Symbol: SYSCTL_RCGCGPIO_R
   Definitions
      At line 46 in file main.s
   Uses
      At line 55 in file main.s
Comment: SYSCTL_RCGCGPIO_R used once
15 symbols



ARM Macro Assembler    Page 1 Alphabetic symbol ordering
External symbols

TExaS_Init 00000000

Symbol: TExaS_Init
   Definitions
      At line 47 in file main.s
   Uses
      At line 53 in file main.s
Comment: TExaS_Init used once
1 symbol
370 symbols in table
